<?xml version="1.0" encoding="UTF-8"?>
<!-- Generated by org.testng.reporters.JUnitReportReporter -->
<testsuite hostname="DESKTOP-LHIA8PD" failures="0" tests="2" name="Automation.facebook" time="4.124" errors="0" timestamp="2022-05-21T20:08:00 IST" skipped="0">
  <testcase classname="Automation.facebook" name="launch" time="3.738"/>
  <system-out/>
  <testcase classname="Automation.facebook" name="login" time="0.386"/>
  <system-out/>
</testsuite> <!-- Automation.facebook -->
