<?xml version="1.0" encoding="UTF-8"?>
<!-- Generated by org.testng.reporters.JUnitReportReporter -->
<testsuite hostname="DESKTOP-LHIA8PD" failures="0" tests="2" name="login.ram" time="4.716" errors="0" timestamp="2022-05-29T13:04:16 IST" skipped="0">
  <testcase classname="login.ram" name="login" time="0.307"/>
  <system-out/>
  <testcase classname="login.ram" name="launch" time="4.409"/>
  <system-out/>
</testsuite> <!-- login.ram -->
